<?xml version="1.0" encoding="UTF-8"?>
<!-- Generated by org.testng.reporters.JUnitReportReporter -->
<testsuite hostname="ae-x.local" failures="0" tests="13" name="testcases.TC13" time="31.437" errors="0" timestamp="2024-04-15T20:27:26 PDT" skipped="0">
  <testcase classname="testcases.TC13" name="verifyButtonNavigation" time="1.527"/>
  <testcase classname="testcases.TC13" name="verifyProductAddedToCart" time="0.109"/>
  <testcase classname="testcases.TC13" name="verifyCustomerDetails" time="0.204"/>
  <testcase classname="testcases.TC13" name="verifyCustomerDetailsCanEdit" time="1.766"/>
  <testcase classname="testcases.TC13" name="verifyCheckoutNavigation" time="3.185"/>
  <testcase classname="testcases.TC13" name="verifyProductDetails" time="2.488"/>
  <testcase classname="testcases.TC13" name="verifyOrderDetailsCheckoutButton" time="0.001"/>
  <testcase classname="testcases.TC13" name="verifyPaymentsAvailable" time="0.294"/>
  <testcase classname="testcases.TC13" name="verifyPaymentSelectionAndNavigation" time="1.287"/>
  <testcase classname="testcases.TC13" name="verifyOrder" time="0.820"/>
  <testcase classname="testcases.TC13" name="verifyCardEntryAndPay" time="8.295"/>
  <testcase classname="testcases.TC13" name="verifyTransactionDetailsPage" time="0.414"/>
  <testcase classname="testcases.TC13" name="verifyValidOTP" time="11.047"/>
</testsuite> <!-- testcases.TC13 -->
