<?xml version="1.0" encoding="UTF-8"?>
<!-- Generated by org.testng.reporters.JUnitReportReporter -->
<testsuite hostname="ae-x.local" failures="0" tests="13" name="testcases.TC14" time="31.120" errors="0" timestamp="2024-04-15T20:27:26 PDT" skipped="0">
  <testcase classname="testcases.TC14" name="verifyButtonNavigation" time="1.369"/>
  <testcase classname="testcases.TC14" name="verifyProductAddedToCart" time="0.093"/>
  <testcase classname="testcases.TC14" name="verifyCustomerDetails" time="0.186"/>
  <testcase classname="testcases.TC14" name="verifyCustomerDetailsCanEdit" time="1.653"/>
  <testcase classname="testcases.TC14" name="verifyCheckoutNavigation" time="3.143"/>
  <testcase classname="testcases.TC14" name="verifyProductDetails" time="2.859"/>
  <testcase classname="testcases.TC14" name="verifyOrderDetailsCheckoutButton" time="0.001"/>
  <testcase classname="testcases.TC14" name="verifyPaymentsAvailable" time="0.613"/>
  <testcase classname="testcases.TC14" name="verifyPaymentSelectionAndNavigation" time="1.395"/>
  <testcase classname="testcases.TC14" name="verifyOrder" time="0.781"/>
  <testcase classname="testcases.TC14" name="verifyCardEntryAndPay" time="8.370"/>
  <testcase classname="testcases.TC14" name="verifyTransactionDetailsPage" time="0.344"/>
  <testcase classname="testcases.TC14" name="verifyInvalidOTP" time="10.313"/>
</testsuite> <!-- testcases.TC14 -->
