<?xml version="1.0" encoding="UTF-8"?>
<!-- Generated by org.testng.reporters.JUnitReportReporter -->
<testsuite hostname="ae-x.local" failures="0" tests="13" name="testcases.TC15" time="29.948" errors="0" timestamp="2024-04-15T20:27:26 PDT" skipped="0">
  <testcase classname="testcases.TC15" name="verifyButtonNavigation" time="1.282"/>
  <testcase classname="testcases.TC15" name="verifyProductAddedToCart" time="0.095"/>
  <testcase classname="testcases.TC15" name="verifyCustomerDetails" time="0.227"/>
  <testcase classname="testcases.TC15" name="verifyCustomerDetailsCanEdit" time="1.803"/>
  <testcase classname="testcases.TC15" name="verifyCheckoutNavigation" time="3.161"/>
  <testcase classname="testcases.TC15" name="verifyProductDetails" time="2.501"/>
  <testcase classname="testcases.TC15" name="verifyOrderDetailsCheckoutButton" time="0.000"/>
  <testcase classname="testcases.TC15" name="verifyPaymentsAvailable" time="0.259"/>
  <testcase classname="testcases.TC15" name="verifyPaymentSelectionAndNavigation" time="1.263"/>
  <testcase classname="testcases.TC15" name="verifyOrder" time="0.808"/>
  <testcase classname="testcases.TC15" name="verifyCardEntryAndPay" time="8.250"/>
  <testcase classname="testcases.TC15" name="verifyTransactionDetailsPage" time="0.294"/>
  <testcase classname="testcases.TC15" name="verifyCancelOrder" time="10.005"/>
</testsuite> <!-- testcases.TC15 -->
